[29.020547867] 2018-02-06 15:07:22,178 - INFO - launcher: Starting sanity checks
[30.021429062] 2018-02-06 15:07:22,179 - INFO - launcher: Checking for python 3.5+
[30.021429062] 2018-02-06 15:07:22,179 - INFO - launcher: Checking console encoding
[30.021429062] 2018-02-06 15:07:22,179 - INFO - launcher: Setting console encoding to UTF-8
[30.021429062] 2018-02-06 15:07:22,179 - INFO - launcher: Ensuring we're in the right folder
[31.022548676] 2018-02-06 15:07:22,180 - INFO - launcher: Adding local bins/ folder to path
[32.022953033] 2018-02-06 15:07:22,181 - INFO - launcher: Checks passed.
[32.022953033] 2018-02-06 15:07:22,181 - INFO - launcher: Moving old musicbot log

######################### PRE-RUN SANITY CHECKS PASSED #########################

[0.9496760368347168] 2018-02-06 15:07:23,099 - WARNING - musicbot.config | In config.py::MainThread(2728), line 256 in find_autoplaylist: No autoplaylist file found.
[1.0977809429168701] 2018-02-06 15:07:23,247 - DEBUG - musicbot.bot | In bot.py::MainThread(2728), line 203 in _setup_logging: Set logging level to INFO
[1.0987813472747803] 2018-02-06 15:07:23,248 - WARNING - musicbot.bot | In bot.py::MainThread(2728), line 73 in __init__: Autoplaylist is empty, disabling.
[1.101784229] launcher-INFO: Connecting
[4.1549215316772461] 2018-02-06 15:07:26,304 - DEBUG - musicbot.bot | In bot.py::MainThread(2728), line 993 in on_ready: Connection established, ready to go.
[4.1558909416198730] 2018-02-06 15:07:26,305 - DEBUG - musicbot.bot | In bot.py::MainThread(2728), line 314 in _cache_app_info: Caching app info
[4.6825106143951416] 2018-02-06 15:07:26,832 - DEBUG - musicbot.bot | In bot.py::MainThread(2728), line 810 in _scheck_ensure_env: Ensuring data folders exist
[4.6835286617279053] 2018-02-06 15:07:26,833 - DEBUG - musicbot.bot | In bot.py::MainThread(2728), line 826 in _scheck_server_permissions: Checking server permissions
[4.6835286617279053] 2018-02-06 15:07:26,833 - DEBUG - musicbot.bot | In bot.py::MainThread(2728), line 830 in _scheck_autoplaylist: Auditing autoplaylist
[4.6845118999481201] 2018-02-06 15:07:26,834 - DEBUG - musicbot.bot | In bot.py::MainThread(2728), line 834 in _scheck_configs: Validating config
[4.6845118999481201] 2018-02-06 15:07:26,834 - DEBUG - musicbot.config | In config.py::MainThread(2728), line 175 in async_validate: Validating options...
[4.6845118999481201] 2018-02-06 15:07:26,834 - DEBUG - musicbot.bot | In bot.py::MainThread(2728), line 837 in _scheck_configs: Validating permissions config
[4.6845118999481201] 2018-02-06 15:07:26,834 - DEBUG - musicbot.permissions | In permissions.py::MainThread(2728), line 59 in async_validate: Validating permissions...
[4.6845118999481201] 2018-02-06 15:07:26,834 - INFO - musicbot.bot | In bot.py::MainThread(2728), line 1004 in on_ready: Connected!  Musicbot v1.9.6

[4.6855123043060303] 2018-02-06 15:07:26,835 - INFO - musicbot.bot | In bot.py::MainThread(2728), line 1014 in on_ready: Bot:   374549551610068992/Kuro Tenshi#4795 [BOT]
[4.6865158081054688] 2018-02-06 15:07:26,836 - INFO - musicbot.bot | In bot.py::MainThread(2728), line 1022 in on_ready: Owner: 300664068786618368/－ｋｙｏｗ－#6795

[4.6875138282775879] 2018-02-06 15:07:26,837 - INFO - musicbot.bot | In bot.py::MainThread(2728), line 1025 in on_ready: Server List:
[4.6875138282775879] 2018-02-06 15:07:26,837 - INFO - musicbot.bot | In bot.py::MainThread(2728), line 1026 in <listcomp>:  - The Tamashii
[4.6885144710540771] 2018-02-06 15:07:26,838 - INFO - musicbot.bot | In bot.py::MainThread(2728), line 1070 in on_ready: Not bound to any text channels
[4.6895151138305664] 2018-02-06 15:07:26,839 - INFO - musicbot.bot | In bot.py::MainThread(2728), line 1096 in on_ready: Not autojoining any voice channels
[4.6905162334442139] 2018-02-06 15:07:26,840 - INFO - musicbot.bot | In bot.py::MainThread(2728), line 1100 in on_ready: Options:
[4.6905162334442139] 2018-02-06 15:07:26,840 - INFO - musicbot.bot | In bot.py::MainThread(2728), line 1102 in on_ready:   Command prefix: *
[4.6925172805786133] 2018-02-06 15:07:26,842 - INFO - musicbot.bot | In bot.py::MainThread(2728), line 1103 in on_ready:   Default volume: 10%
[4.6925172805786133] 2018-02-06 15:07:26,842 - INFO - musicbot.bot | In bot.py::MainThread(2728), line 1105 in on_ready:   Skip threshold: 4 votes or 50%
[4.6935179233551025] 2018-02-06 15:07:26,843 - INFO - musicbot.bot | In bot.py::MainThread(2728), line 1106 in on_ready:   Now Playing @mentions: Disabled
[4.6945188045501709] 2018-02-06 15:07:26,844 - INFO - musicbot.bot | In bot.py::MainThread(2728), line 1107 in on_ready:   Auto-Summon: Enabled
[4.6955199241638184] 2018-02-06 15:07:26,845 - INFO - musicbot.bot | In bot.py::MainThread(2728), line 1108 in on_ready:   Auto-Playlist: Disabled
[4.6965200901031494] 2018-02-06 15:07:26,846 - INFO - musicbot.bot | In bot.py::MainThread(2728), line 1109 in on_ready:   Auto-Pause: Enabled
[4.6975207328796387] 2018-02-06 15:07:26,847 - INFO - musicbot.bot | In bot.py::MainThread(2728), line 1110 in on_ready:   Delete Messages: Enabled
[4.6975207328796387] 2018-02-06 15:07:26,847 - INFO - musicbot.bot | In bot.py::MainThread(2728), line 1112 in on_ready:     Delete Invoking: Disabled
[4.6985216140747070] 2018-02-06 15:07:26,848 - INFO - musicbot.bot | In bot.py::MainThread(2728), line 1113 in on_ready:   Debug Mode: Disabled
[4.6995227336883545] 2018-02-06 15:07:26,849 - INFO - musicbot.bot | In bot.py::MainThread(2728), line 1114 in on_ready:   Downloaded songs will be saved
[4.7005228996276855] 2018-02-06 15:07:26,850 - INFO - musicbot.bot | In bot.py::MainThread(2728), line 248 in _join_startup_channels: Found owner in "Joel"
[4.7015242576599121] 2018-02-06 15:07:26,851 - INFO - musicbot.bot | In bot.py::MainThread(2728), line 257 in _join_startup_channels: Attempting to join The Tamashii/Joel
[4.7025244235992432] 2018-02-06 15:07:26,852 - DEBUG - musicbot.bot | In bot.py::MainThread(2728), line 427 in get_voice_client: Connection attempt 1 to Joel
[4.7035250663757324] 2018-02-06 15:07:26,853 - VOICEDEBUG - musicbot.bot | In bot.py::MainThread(2728), line 366 in join_voice_channel: (join_voice_channel) creating futures
[4.7035250663757324] 2018-02-06 15:07:26,853 - VOICEDEBUG - musicbot.bot | In bot.py::MainThread(2728), line 372 in join_voice_channel: (join_voice_channel) setting voice state
[4.7045261859893799] 2018-02-06 15:07:26,854 - VOICEDEBUG - musicbot.bot | In bot.py::MainThread(2728), line 375 in join_voice_channel: (join_voice_channel) waiting for session id
[4.8681135177612305] 2018-02-06 15:07:27,018 - VOICEDEBUG - musicbot.bot | In bot.py::MainThread(2728), line 2528 in on_voice_state_update: Voice state update for 374549551610068992/Kuro Tenshi#4795 on The Tamashii/Joel -> [JOIN, CONNECT]
[4.8691143989562988] 2018-02-06 15:07:27,019 - INFO - musicbot.bot | In bot.py::MainThread(2728), line 2539 in on_voice_state_update: 374549551610068992/Kuro Tenshi#4795 has joined The Tamashii/Joel
[4.8731174468994141] 2018-02-06 15:07:27,023 - VOICEDEBUG - musicbot.bot | In bot.py::MainThread(2728), line 379 in join_voice_channel: (join_voice_channel) waiting for voice data
[4.8931331634521484] 2018-02-06 15:07:27,043 - VOICEDEBUG - musicbot.bot | In bot.py::MainThread(2728), line 393 in join_voice_channel: (join_voice_channel) connecting...
[6.0219581127166748] 2018-02-06 15:07:28,171 - VOICEDEBUG - musicbot.bot | In bot.py::MainThread(2728), line 405 in join_voice_channel: (join_voice_channel) connection successful
[6.0219581127166748] 2018-02-06 15:07:28,171 - DEBUG - musicbot.bot | In bot.py::MainThread(2728), line 453 in get_voice_client: Connected in 1.3s
[6.0219581127166748] 2018-02-06 15:07:28,171 - INFO - musicbot.bot | In bot.py::MainThread(2728), line 454 in get_voice_client: Connected to The Tamashii/Joel
[6.0229678153991699] 2018-02-06 15:07:28,172 - INFO - musicbot.bot | In bot.py::MainThread(2728), line 273 in _join_startup_channels: Joined The Tamashii/Joel
[6.0229678153991699] 2018-02-06 15:07:28,172 - VOICEDEBUG - musicbot.player | In player.py::MainThread(2728), line 311 in websocket_check: Starting websocket check loop for The Tamashii
[11.1479988098144531] 2018-02-06 15:07:33,297 - INFO - musicbot.bot | In bot.py::MainThread(2728), line 2359 in on_message: 300664068786618368/－ｋｙｏｗ－#6795: *help
[17.0690405368804932] 2018-02-06 15:07:39,218 - INFO - musicbot.bot | In bot.py::MainThread(2728), line 2359 in on_message: 300664068786618368/－ｋｙｏｗ－#6795: *stream
[41.3259055614471436] 2018-02-06 15:08:03,475 - VOICEDEBUG - musicbot.bot | In bot.py::MainThread(2728), line 2528 in on_voice_state_update: Voice state update for 374549551610068992/Kuro Tenshi#4795 on The Tamashii/Joel -> [DISCONNECT]
